[19:31:37] [ServerMain/INFO]: Environment: Environment[sessionHost=https://sessionserver.mojang.com, servicesHost=https://api.minecraftservices.com, name=PROD]
[19:31:39] [ServerMain/INFO]: Loaded 1407 recipes
[19:31:39] [ServerMain/INFO]: Loaded 1520 advancements
[19:31:39] [Server thread/INFO]: Starting minecraft server version 1.21.6
[19:31:39] [Server thread/INFO]: Loading properties
[19:31:39] [Server thread/INFO]: Default game type: SURVIVAL
[19:31:39] [Server thread/INFO]: Generating keypair
[19:31:39] [Server thread/INFO]: Starting Minecraft server on *:28115
[19:31:39] [Server thread/INFO]: Using epoll channel type
[19:31:40] [Server thread/INFO]: Preparing level "world"
[19:31:40] [Server thread/INFO]: Preparing start region for dimension minecraft:overworld
[19:31:48] [Worker-Main-1/INFO]: Preparing spawn area: 0%
[19:31:48] [Worker-Main-1/INFO]: Preparing spawn area: 0%
[19:31:48] [Worker-Main-1/INFO]: Preparing spawn area: 0%
[19:31:48] [Worker-Main-1/INFO]: Preparing spawn area: 0%
[19:31:48] [Worker-Main-1/INFO]: Preparing spawn area: 0%
[19:31:48] [Worker-Main-1/INFO]: Preparing spawn area: 0%
[19:31:48] [Worker-Main-1/INFO]: Preparing spawn area: 0%
[19:31:48] [Worker-Main-1/INFO]: Preparing spawn area: 0%
[19:31:48] [Worker-Main-1/INFO]: Preparing spawn area: 0%
[19:31:48] [Worker-Main-1/INFO]: Preparing spawn area: 0%
[19:31:48] [Worker-Main-1/INFO]: Preparing spawn area: 0%
[19:31:48] [Worker-Main-1/INFO]: Preparing spawn area: 0%
[19:31:48] [Worker-Main-1/INFO]: Preparing spawn area: 0%
[19:31:48] [Worker-Main-1/INFO]: Preparing spawn area: 0%
[19:31:48] [Worker-Main-1/INFO]: Preparing spawn area: 0%
[19:31:48] [Worker-Main-1/INFO]: Preparing spawn area: 0%
[19:31:48] [Server thread/INFO]: Time elapsed: 7884 ms
[19:31:48] [Server thread/INFO]: Done (8.234s)! For help, type "help"
[19:32:09] [User Authenticator #1/INFO]: UUID of player TheRevi is ef5c1121-324c-483a-9179-4d68d9b7cc40
[19:32:09] [Server thread/INFO]: TheRevi[/185.228.142.53:52873] logged in with entity id 5 at (1213.9553175389772, 63.0, 4075.101848099411)
[19:32:09] [Server thread/INFO]: TheRevi joined the game
[19:34:04] [Server thread/INFO]: TheRevi has made the advancement [The Parrots and the Bats]
[19:36:26] [Server thread/INFO]: [TheRevi: Set own game mode to Creative Mode]
[19:36:32] [Server thread/INFO]: TheRevi has made the advancement [Monster Hunter]
[19:36:35] [Server thread/INFO]: TheRevi has made the advancement [Stone Age]
[19:44:37] [Server thread/INFO]: TheRevi lost connection: Disconnected
[19:44:37] [Server thread/INFO]: TheRevi left the game
[19:45:37] [Server thread/INFO]: Server empty for 60 seconds, pausing
[19:54:16] [User Authenticator #2/INFO]: UUID of player TheRevi is ef5c1121-324c-483a-9179-4d68d9b7cc40
[19:54:16] [Server thread/INFO]: TheRevi[/185.228.142.53:53311] logged in with entity id 2617 at (1202.9865411226708, 65.15814676123665, 4057.0203698235264)
[19:54:16] [Server thread/INFO]: TheRevi joined the game
[19:54:37] [Server thread/INFO]: [TheRevi: Set spawn point to 1213, 63, 4052 [0.0] in minecraft:overworld for TheRevi]
